# JRE version: Java(TM) SE Runtime Environment (8.0_40-b25) (build 1.8.0_40-b25)
# Java VM: Java HotSpot(TM) 64-Bit Server VM (25.40-b25 mixed mode linux-amd64 compressed oops)
Heap:
 PSYoungGen      total 368640K, used 109554K [0x00000000d7580000, 0x00000000f4880000, 0x0000000100000000)
  eden space 259072K, 0% used [0x00000000d7580000,0x00000000d7580000,0x00000000e7280000)
  from space 109568K, 99% used [0x00000000e7280000,0x00000000edd7c8e0,0x00000000edd80000)
  to   space 108544K, 0% used [0x00000000ede80000,0x00000000ede80000,0x00000000f4880000)
 ParOldGen       total 352256K, used 351025K [0x0000000086000000, 0x000000009b800000, 0x00000000d7580000)
  object space 352256K, 99% used [0x0000000086000000,0x000000009b6cc568,0x000000009b800000)
 Metaspace       used 2909K, capacity 4664K, committed 4864K, reserved 1056768K
  class space    used 323K, capacity 424K, committed 512K, reserved 1048576K
GC Heap History (10 events):
Event: 93.730 GC heap after
Heap after GC invocations=21 (full 7):
 PSYoungGen      total 270848K, used 87533K [0x00000000d7580000, 0x00000000efa80000, 0x0000000100000000)
  eden space 183296K, 0% used [0x00000000d7580000,0x00000000d7580000,0x00000000e2880000)
  from space 87552K, 99% used [0x00000000e8e00000,0x00000000ee37b728,0x00000000ee380000)
  to   space 103936K, 0% used [0x00000000e2880000,0x00000000e2880000,0x00000000e8e00000)
 ParOldGen       total 293376K, used 247065K [0x0000000086000000, 0x0000000097e80000, 0x00000000d7580000)
  object space 293376K, 84% used [0x0000000086000000,0x0000000095146648,0x0000000097e80000)
 Metaspace       used 2906K, capacity 4664K, committed 4864K, reserved 1056768K
  class space    used 323K, capacity 424K, committed 512K, reserved 1048576K
}
Event: 93.730 GC heap before
{Heap before GC invocations=22 (full 8):
 PSYoungGen      total 270848K, used 87533K [0x00000000d7580000, 0x00000000efa80000, 0x0000000100000000)
  eden space 183296K, 0% used [0x00000000d7580000,0x00000000d7580000,0x00000000e2880000)
  from space 87552K, 99% used [0x00000000e8e00000,0x00000000ee37b728,0x00000000ee380000)
  to   space 103936K, 0% used [0x00000000e2880000,0x00000000e2880000,0x00000000e8e00000)
 ParOldGen       total 293376K, used 247065K [0x0000000086000000, 0x0000000097e80000, 0x00000000d7580000)
  object space 293376K, 84% used [0x0000000086000000,0x0000000095146648,0x0000000097e80000)
 Metaspace       used 2906K, capacity 4664K, committed 4864K, reserved 1056768K
  class space    used 323K, capacity 424K, committed 512K, reserved 1048576K
Event: 93.829 GC heap after
Heap after GC invocations=22 (full 8):
 PSYoungGen      total 270848K, used 0K [0x00000000d7580000, 0x00000000efa80000, 0x0000000100000000)
  eden space 183296K, 0% used [0x00000000d7580000,0x00000000d7580000,0x00000000e2880000)
  from space 87552K, 0% used [0x00000000e8e00000,0x00000000e8e00000,0x00000000ee380000)
  to   space 103936K, 0% used [0x00000000e2880000,0x00000000e2880000,0x00000000e8e00000)
 ParOldGen       total 306688K, used 134875K [0x0000000086000000, 0x0000000098b80000, 0x00000000d7580000)
  object space 306688K, 43% used [0x0000000086000000,0x000000008e3b6c80,0x0000000098b80000)
 Metaspace       used 2906K, capacity 4664K, committed 4864K, reserved 1056768K
  class space    used 323K, capacity 424K, committed 512K, reserved 1048576K
}
Event: 102.575 GC heap before
{Heap before GC invocations=23 (full 8):
 PSYoungGen      total 270848K, used 183296K [0x00000000d7580000, 0x00000000efa80000, 0x0000000100000000)
  eden space 183296K, 100% used [0x00000000d7580000,0x00000000e2880000,0x00000000e2880000)
  from space 87552K, 0% used [0x00000000e8e00000,0x00000000e8e00000,0x00000000ee380000)
  to   space 103936K, 0% used [0x00000000e2880000,0x00000000e2880000,0x00000000e8e00000)
 ParOldGen       total 306688K, used 134875K [0x0000000086000000, 0x0000000098b80000, 0x00000000d7580000)
  object space 306688K, 43% used [0x0000000086000000,0x000000008e3b6c80,0x0000000098b80000)
 Metaspace       used 2907K, capacity 4664K, committed 4864K, reserved 1056768K
  class space    used 323K, capacity 424K, committed 512K, reserved 1048576K
Event: 102.734 GC heap after
Heap after GC invocations=23 (full 8):
 PSYoungGen      total 287232K, used 70825K [0x00000000d7580000, 0x00000000f4a80000, 0x0000000100000000)
  eden space 183296K, 0% used [0x00000000d7580000,0x00000000d7580000,0x00000000e2880000)
  from space 103936K, 68% used [0x00000000e2880000,0x00000000e6daa518,0x00000000e8e00000)
  to   space 110592K, 0% used [0x00000000ede80000,0x00000000ede80000,0x00000000f4a80000)
 ParOldGen       total 306688K, used 134875K [0x0000000086000000, 0x0000000098b80000, 0x00000000d7580000)
  object space 306688K, 43% used [0x0000000086000000,0x000000008e3b6c80,0x0000000098b80000)
 Metaspace       used 2907K, capacity 4664K, committed 4864K, reserved 1056768K
  class space    used 323K, capacity 424K, committed 512K, reserved 1048576K
}
Event: 106.600 GC heap before
{Heap before GC invocations=24 (full 8):
 PSYoungGen      total 287232K, used 92780K [0x00000000d7580000, 0x00000000f4a80000, 0x0000000100000000)
  eden space 183296K, 11% used [0x00000000d7580000,0x00000000d8af0b40,0x00000000e2880000)
  from space 103936K, 68% used [0x00000000e2880000,0x00000000e6daa518,0x00000000e8e00000)
  to   space 110592K, 0% used [0x00000000ede80000,0x00000000ede80000,0x00000000f4a80000)
 ParOldGen       total 306688K, used 134875K [0x0000000086000000, 0x0000000098b80000, 0x00000000d7580000)
  object space 306688K, 43% used [0x0000000086000000,0x000000008e3b6c80,0x0000000098b80000)
 Metaspace       used 2908K, capacity 4664K, committed 4864K, reserved 1056768K
  class space    used 323K, capacity 424K, committed 512K, reserved 1048576K
Event: 106.635 GC heap after
Heap after GC invocations=24 (full 8):
 PSYoungGen      total 367616K, used 1340K [0x00000000d7580000, 0x00000000f4880000, 0x0000000100000000)
  eden space 259072K, 0% used [0x00000000d7580000,0x00000000d7580000,0x00000000e7280000)
  from space 108544K, 1% used [0x00000000ede80000,0x00000000edfcf040,0x00000000f4880000)
  to   space 109568K, 0% used [0x00000000e7280000,0x00000000e7280000,0x00000000edd80000)
 ParOldGen       total 306688K, used 199339K [0x0000000086000000, 0x0000000098b80000, 0x00000000d7580000)
  object space 306688K, 64% used [0x0000000086000000,0x00000000922aac28,0x0000000098b80000)
 Metaspace       used 2908K, capacity 4664K, committed 4864K, reserved 1056768K
  class space    used 323K, capacity 424K, committed 512K, reserved 1048576K
}
Event: 106.635 GC heap before
{Heap before GC invocations=25 (full 9):
 PSYoungGen      total 367616K, used 1340K [0x00000000d7580000, 0x00000000f4880000, 0x0000000100000000)
  eden space 259072K, 0% used [0x00000000d7580000,0x00000000d7580000,0x00000000e7280000)
  from space 108544K, 1% used [0x00000000ede80000,0x00000000edfcf040,0x00000000f4880000)
  to   space 109568K, 0% used [0x00000000e7280000,0x00000000e7280000,0x00000000edd80000)
 ParOldGen       total 306688K, used 199339K [0x0000000086000000, 0x0000000098b80000, 0x00000000d7580000)
  object space 306688K, 64% used [0x0000000086000000,0x00000000922aac28,0x0000000098b80000)
 Metaspace       used 2908K, capacity 4664K, committed 4864K, reserved 1056768K
  class space    used 323K, capacity 424K, committed 512K, reserved 1048576K
Event: 107.030 GC heap after
Heap after GC invocations=25 (full 9):
 PSYoungGen      total 367616K, used 0K [0x00000000d7580000, 0x00000000f4880000, 0x0000000100000000)
  eden space 259072K, 0% used [0x00000000d7580000,0x00000000d7580000,0x00000000e7280000)
  from space 108544K, 0% used [0x00000000ede80000,0x00000000ede80000,0x00000000f4880000)
  to   space 109568K, 0% used [0x00000000e7280000,0x00000000e7280000,0x00000000edd80000)
 ParOldGen       total 306688K, used 200204K [0x0000000086000000, 0x0000000098b80000, 0x00000000d7580000)
  object space 306688K, 65% used [0x0000000086000000,0x00000000923833a8,0x0000000098b80000)
 Metaspace       used 2908K, capacity 4664K, committed 4864K, reserved 1056768K
  class space    used 323K, capacity 424K, committed 512K, reserved 1048576K
}
Event: 124.245 GC heap before
{Heap before GC invocations=26 (full 9):
 PSYoungGen      total 367616K, used 259072K [0x00000000d7580000, 0x00000000f4880000, 0x0000000100000000)
  eden space 259072K, 100% used [0x00000000d7580000,0x00000000e7280000,0x00000000e7280000)
  from space 108544K, 0% used [0x00000000ede80000,0x00000000ede80000,0x00000000f4880000)
  to   space 109568K, 0% used [0x00000000e7280000,0x00000000e7280000,0x00000000edd80000)
 ParOldGen       total 306688K, used 200204K [0x0000000086000000, 0x0000000098b80000, 0x00000000d7580000)
  object space 306688K, 65% used [0x0000000086000000,0x00000000923833a8,0x0000000098b80000)
 Metaspace       used 2909K, capacity 4664K, committed 4864K, reserved 1056768K
  class space    used 323K, capacity 424K, committed 512K, reserved 1048576K

